<?xml version="1.0" encoding="UTF-8"?>
<!-- Generated by org.testng.reporters.JUnitReportReporter -->
<testsuite hostname="DESKTOP-D7V05SI" failures="0" tests="1" name="test.TestSuite1" time="43.682" errors="0" timestamp="2020-06-22T20:21:29 CDT" skipped="0">
  <testcase classname="test.TestSuite1" name="negativeLogin" time="43.682"/>
</testsuite> <!-- test.TestSuite1 -->
